<?xml version="1.0" encoding="UTF-8"?>
<testng-results skipped="0" failed="0" ignored="0" total="1" passed="1">
  <reporter-output>
  </reporter-output>
  <suite name="Default suite" duration-ms="11678" started-at="2019-12-12T17:53:50 EST" finished-at="2019-12-12T17:54:02 EST">
    <groups>
    </groups>
    <test name="Default test" duration-ms="11678" started-at="2019-12-12T17:53:50 EST" finished-at="2019-12-12T17:54:02 EST">
      <class name="testExecution.MainExecution">
        <test-method status="PASS" signature="beforeMethod()[pri:0, instance:testExecution.MainExecution@65e2dbf3]" name="beforeMethod" is-config="true" duration-ms="8567" started-at="2019-12-12T17:53:50 EST" finished-at="2019-12-12T17:53:59 EST">
          <reporter-output>
          </reporter-output>
        </test-method> <!-- beforeMethod -->
        <test-method status="PASS" signature="f()[pri:0, instance:testExecution.MainExecution@65e2dbf3]" name="f" duration-ms="18" started-at="2019-12-12T17:53:59 EST" finished-at="2019-12-12T17:53:59 EST">
          <reporter-output>
          </reporter-output>
        </test-method> <!-- f -->
        <test-method status="PASS" signature="afterClass()[pri:0, instance:testExecution.MainExecution@65e2dbf3]" name="afterClass" is-config="true" duration-ms="2997" started-at="2019-12-12T17:53:59 EST" finished-at="2019-12-12T17:54:02 EST">
          <reporter-output>
          </reporter-output>
        </test-method> <!-- afterClass -->
      </class> <!-- testExecution.MainExecution -->
    </test> <!-- Default test -->
  </suite> <!-- Default suite -->
</testng-results>
